<?xml version="1.0" encoding="UTF-8"?>
<testsuite xmlns:xsi="http://www.w3.org/2001/XMLSchema-instance" xsi:noNamespaceSchemaLocation="https://maven.apache.org/surefire/maven-surefire-plugin/xsd/surefire-test-report.xsd" name="com.xiaoxin.CoutryApplicationTests" time="4.102" tests="1" errors="1" skipped="0" failures="0">
  <properties>
    <property name="sun.desktop" value="windows"/>
    <property name="awt.toolkit" value="sun.awt.windows.WToolkit"/>
    <property name="file.encoding.pkg" value="sun.io"/>
    <property name="java.specification.version" value="1.8"/>
    <property name="sun.cpu.isalist" value="amd64"/>
    <property name="sun.jnu.encoding" value="GBK"/>
    <property name="java.class.path" value="D:\大数据团队\我的大学生创新创业项目\开发过程\后端\coutry\target\test-classes;D:\大数据团队\我的大学生创新创业项目\开发过程\后端\coutry\target\classes;D:\ProgromFiles\apache-maven-3.8.6\maven-repo\org\springframework\boot\spring-boot-starter-web\2.7.8\spring-boot-starter-web-2.7.8.jar;D:\ProgromFiles\apache-maven-3.8.6\maven-repo\org\springframework\boot\spring-boot-starter\2.7.8\spring-boot-starter-2.7.8.jar;D:\ProgromFiles\apache-maven-3.8.6\maven-repo\org\springframework\boot\spring-boot\2.7.8\spring-boot-2.7.8.jar;D:\ProgromFiles\apache-maven-3.8.6\maven-repo\org\springframework\boot\spring-boot-starter-logging\2.7.8\spring-boot-starter-logging-2.7.8.jar;D:\ProgromFiles\apache-maven-3.8.6\maven-repo\ch\qos\logback\logback-classic\1.2.11\logback-classic-1.2.11.jar;D:\ProgromFiles\apache-maven-3.8.6\maven-repo\ch\qos\logback\logback-core\1.2.11\logback-core-1.2.11.jar;D:\ProgromFiles\apache-maven-3.8.6\maven-repo\org\apache\logging\log4j\log4j-to-slf4j\2.17.2\log4j-to-slf4j-2.17.2.jar;D:\ProgromFiles\apache-maven-3.8.6\maven-repo\org\apache\logging\log4j\log4j-api\2.17.2\log4j-api-2.17.2.jar;D:\ProgromFiles\apache-maven-3.8.6\maven-repo\org\slf4j\jul-to-slf4j\1.7.36\jul-to-slf4j-1.7.36.jar;D:\ProgromFiles\apache-maven-3.8.6\maven-repo\jakarta\annotation\jakarta.annotation-api\1.3.5\jakarta.annotation-api-1.3.5.jar;D:\ProgromFiles\apache-maven-3.8.6\maven-repo\org\yaml\snakeyaml\1.30\snakeyaml-1.30.jar;D:\ProgromFiles\apache-maven-3.8.6\maven-repo\org\springframework\boot\spring-boot-starter-json\2.7.8\spring-boot-starter-json-2.7.8.jar;D:\ProgromFiles\apache-maven-3.8.6\maven-repo\com\fasterxml\jackson\core\jackson-databind\2.13.4.2\jackson-databind-2.13.4.2.jar;D:\ProgromFiles\apache-maven-3.8.6\maven-repo\com\fasterxml\jackson\core\jackson-annotations\2.13.4\jackson-annotations-2.13.4.jar;D:\ProgromFiles\apache-maven-3.8.6\maven-repo\com\fasterxml\jackson\core\jackson-core\2.13.4\jackson-core-2.13.4.jar;D:\ProgromFiles\apache-maven-3.8.6\maven-repo\com\fasterxml\jackson\datatype\jackson-datatype-jdk8\2.13.4\jackson-datatype-jdk8-2.13.4.jar;D:\ProgromFiles\apache-maven-3.8.6\maven-repo\com\fasterxml\jackson\datatype\jackson-datatype-jsr310\2.13.4\jackson-datatype-jsr310-2.13.4.jar;D:\ProgromFiles\apache-maven-3.8.6\maven-repo\com\fasterxml\jackson\module\jackson-module-parameter-names\2.13.4\jackson-module-parameter-names-2.13.4.jar;D:\ProgromFiles\apache-maven-3.8.6\maven-repo\org\springframework\boot\spring-boot-starter-tomcat\2.7.8\spring-boot-starter-tomcat-2.7.8.jar;D:\ProgromFiles\apache-maven-3.8.6\maven-repo\org\apache\tomcat\embed\tomcat-embed-core\9.0.71\tomcat-embed-core-9.0.71.jar;D:\ProgromFiles\apache-maven-3.8.6\maven-repo\org\apache\tomcat\embed\tomcat-embed-websocket\9.0.71\tomcat-embed-websocket-9.0.71.jar;D:\ProgromFiles\apache-maven-3.8.6\maven-repo\org\springframework\spring-web\5.3.25\spring-web-5.3.25.jar;D:\ProgromFiles\apache-maven-3.8.6\maven-repo\org\springframework\spring-beans\5.3.25\spring-beans-5.3.25.jar;D:\ProgromFiles\apache-maven-3.8.6\maven-repo\org\springframework\spring-webmvc\5.3.25\spring-webmvc-5.3.25.jar;D:\ProgromFiles\apache-maven-3.8.6\maven-repo\org\springframework\spring-aop\5.3.25\spring-aop-5.3.25.jar;D:\ProgromFiles\apache-maven-3.8.6\maven-repo\org\springframework\spring-context\5.3.25\spring-context-5.3.25.jar;D:\ProgromFiles\apache-maven-3.8.6\maven-repo\org\springframework\spring-expression\5.3.25\spring-expression-5.3.25.jar;D:\ProgromFiles\apache-maven-3.8.6\maven-repo\org\projectlombok\lombok\1.18.24\lombok-1.18.24.jar;D:\ProgromFiles\apache-maven-3.8.6\maven-repo\org\springframework\boot\spring-boot-starter-test\2.7.8\spring-boot-starter-test-2.7.8.jar;D:\ProgromFiles\apache-maven-3.8.6\maven-repo\org\springframework\boot\spring-boot-test\2.7.8\spring-boot-test-2.7.8.jar;D:\ProgromFiles\apache-maven-3.8.6\maven-repo\org\springframework\boot\spring-boot-test-autoconfigure\2.7.8\spring-boot-test-autoconfigure-2.7.8.jar;D:\ProgromFiles\apache-maven-3.8.6\maven-repo\com\jayway\jsonpath\json-path\2.7.0\json-path-2.7.0.jar;D:\ProgromFiles\apache-maven-3.8.6\maven-repo\net\minidev\json-smart\2.4.8\json-smart-2.4.8.jar;D:\ProgromFiles\apache-maven-3.8.6\maven-repo\net\minidev\accessors-smart\2.4.8\accessors-smart-2.4.8.jar;D:\ProgromFiles\apache-maven-3.8.6\maven-repo\org\ow2\asm\asm\9.1\asm-9.1.jar;D:\ProgromFiles\apache-maven-3.8.6\maven-repo\jakarta\xml\bind\jakarta.xml.bind-api\2.3.3\jakarta.xml.bind-api-2.3.3.jar;D:\ProgromFiles\apache-maven-3.8.6\maven-repo\jakarta\activation\jakarta.activation-api\1.2.2\jakarta.activation-api-1.2.2.jar;D:\ProgromFiles\apache-maven-3.8.6\maven-repo\org\assertj\assertj-core\3.22.0\assertj-core-3.22.0.jar;D:\ProgromFiles\apache-maven-3.8.6\maven-repo\org\hamcrest\hamcrest\2.2\hamcrest-2.2.jar;D:\ProgromFiles\apache-maven-3.8.6\maven-repo\org\junit\jupiter\junit-jupiter\5.8.2\junit-jupiter-5.8.2.jar;D:\ProgromFiles\apache-maven-3.8.6\maven-repo\org\junit\jupiter\junit-jupiter-api\5.8.2\junit-jupiter-api-5.8.2.jar;D:\ProgromFiles\apache-maven-3.8.6\maven-repo\org\opentest4j\opentest4j\1.2.0\opentest4j-1.2.0.jar;D:\ProgromFiles\apache-maven-3.8.6\maven-repo\org\junit\platform\junit-platform-commons\1.8.2\junit-platform-commons-1.8.2.jar;D:\ProgromFiles\apache-maven-3.8.6\maven-repo\org\apiguardian\apiguardian-api\1.1.2\apiguardian-api-1.1.2.jar;D:\ProgromFiles\apache-maven-3.8.6\maven-repo\org\junit\jupiter\junit-jupiter-params\5.8.2\junit-jupiter-params-5.8.2.jar;D:\ProgromFiles\apache-maven-3.8.6\maven-repo\org\junit\jupiter\junit-jupiter-engine\5.8.2\junit-jupiter-engine-5.8.2.jar;D:\ProgromFiles\apache-maven-3.8.6\maven-repo\org\junit\platform\junit-platform-engine\1.8.2\junit-platform-engine-1.8.2.jar;D:\ProgromFiles\apache-maven-3.8.6\maven-repo\org\mockito\mockito-core\4.5.1\mockito-core-4.5.1.jar;D:\ProgromFiles\apache-maven-3.8.6\maven-repo\net\bytebuddy\byte-buddy\1.12.22\byte-buddy-1.12.22.jar;D:\ProgromFiles\apache-maven-3.8.6\maven-repo\net\bytebuddy\byte-buddy-agent\1.12.22\byte-buddy-agent-1.12.22.jar;D:\ProgromFiles\apache-maven-3.8.6\maven-repo\org\objenesis\objenesis\3.2\objenesis-3.2.jar;D:\ProgromFiles\apache-maven-3.8.6\maven-repo\org\mockito\mockito-junit-jupiter\4.5.1\mockito-junit-jupiter-4.5.1.jar;D:\ProgromFiles\apache-maven-3.8.6\maven-repo\org\skyscreamer\jsonassert\1.5.1\jsonassert-1.5.1.jar;D:\ProgromFiles\apache-maven-3.8.6\maven-repo\com\vaadin\external\google\android-json\0.0.20131108.vaadin1\android-json-0.0.20131108.vaadin1.jar;D:\ProgromFiles\apache-maven-3.8.6\maven-repo\org\springframework\spring-core\5.3.25\spring-core-5.3.25.jar;D:\ProgromFiles\apache-maven-3.8.6\maven-repo\org\springframework\spring-jcl\5.3.25\spring-jcl-5.3.25.jar;D:\ProgromFiles\apache-maven-3.8.6\maven-repo\org\springframework\spring-test\5.3.25\spring-test-5.3.25.jar;D:\ProgromFiles\apache-maven-3.8.6\maven-repo\org\xmlunit\xmlunit-core\2.9.1\xmlunit-core-2.9.1.jar;D:\ProgromFiles\apache-maven-3.8.6\maven-repo\io\springfox\springfox-boot-starter\3.0.0\springfox-boot-starter-3.0.0.jar;D:\ProgromFiles\apache-maven-3.8.6\maven-repo\io\springfox\springfox-oas\3.0.0\springfox-oas-3.0.0.jar;D:\ProgromFiles\apache-maven-3.8.6\maven-repo\io\swagger\core\v3\swagger-annotations\2.1.2\swagger-annotations-2.1.2.jar;D:\ProgromFiles\apache-maven-3.8.6\maven-repo\io\swagger\core\v3\swagger-models\2.1.2\swagger-models-2.1.2.jar;D:\ProgromFiles\apache-maven-3.8.6\maven-repo\io\springfox\springfox-spi\3.0.0\springfox-spi-3.0.0.jar;D:\ProgromFiles\apache-maven-3.8.6\maven-repo\io\springfox\springfox-schema\3.0.0\springfox-schema-3.0.0.jar;D:\ProgromFiles\apache-maven-3.8.6\maven-repo\io\springfox\springfox-core\3.0.0\springfox-core-3.0.0.jar;D:\ProgromFiles\apache-maven-3.8.6\maven-repo\io\springfox\springfox-spring-web\3.0.0\springfox-spring-web-3.0.0.jar;D:\ProgromFiles\apache-maven-3.8.6\maven-repo\io\github\classgraph\classgraph\4.8.83\classgraph-4.8.83.jar;D:\ProgromFiles\apache-maven-3.8.6\maven-repo\io\springfox\springfox-spring-webmvc\3.0.0\springfox-spring-webmvc-3.0.0.jar;D:\ProgromFiles\apache-maven-3.8.6\maven-repo\io\springfox\springfox-spring-webflux\3.0.0\springfox-spring-webflux-3.0.0.jar;D:\ProgromFiles\apache-maven-3.8.6\maven-repo\io\springfox\springfox-swagger-common\3.0.0\springfox-swagger-common-3.0.0.jar;D:\ProgromFiles\apache-maven-3.8.6\maven-repo\org\mapstruct\mapstruct\1.3.1.Final\mapstruct-1.3.1.Final.jar;D:\ProgromFiles\apache-maven-3.8.6\maven-repo\io\springfox\springfox-data-rest\3.0.0\springfox-data-rest-3.0.0.jar;D:\ProgromFiles\apache-maven-3.8.6\maven-repo\io\springfox\springfox-bean-validators\3.0.0\springfox-bean-validators-3.0.0.jar;D:\ProgromFiles\apache-maven-3.8.6\maven-repo\io\springfox\springfox-swagger2\3.0.0\springfox-swagger2-3.0.0.jar;D:\ProgromFiles\apache-maven-3.8.6\maven-repo\io\swagger\swagger-annotations\1.5.20\swagger-annotations-1.5.20.jar;D:\ProgromFiles\apache-maven-3.8.6\maven-repo\io\swagger\swagger-models\1.5.20\swagger-models-1.5.20.jar;D:\ProgromFiles\apache-maven-3.8.6\maven-repo\io\springfox\springfox-swagger-ui\3.0.0\springfox-swagger-ui-3.0.0.jar;D:\ProgromFiles\apache-maven-3.8.6\maven-repo\com\fasterxml\classmate\1.5.1\classmate-1.5.1.jar;D:\ProgromFiles\apache-maven-3.8.6\maven-repo\org\slf4j\slf4j-api\1.7.36\slf4j-api-1.7.36.jar;D:\ProgromFiles\apache-maven-3.8.6\maven-repo\org\springframework\plugin\spring-plugin-core\2.0.0.RELEASE\spring-plugin-core-2.0.0.RELEASE.jar;D:\ProgromFiles\apache-maven-3.8.6\maven-repo\org\springframework\plugin\spring-plugin-metadata\2.0.0.RELEASE\spring-plugin-metadata-2.0.0.RELEASE.jar;D:\ProgromFiles\apache-maven-3.8.6\maven-repo\com\alibaba\druid-spring-boot-starter\1.1.20\druid-spring-boot-starter-1.1.20.jar;D:\ProgromFiles\apache-maven-3.8.6\maven-repo\com\alibaba\druid\1.1.20\druid-1.1.20.jar;D:\ProgromFiles\apache-maven-3.8.6\maven-repo\org\springframework\boot\spring-boot-autoconfigure\2.7.8\spring-boot-autoconfigure-2.7.8.jar;D:\ProgromFiles\apache-maven-3.8.6\maven-repo\mysql\mysql-connector-java\5.1.47\mysql-connector-java-5.1.47.jar;D:\ProgromFiles\apache-maven-3.8.6\maven-repo\com\baomidou\mybatis-plus-boot-starter\3.4.1\mybatis-plus-boot-starter-3.4.1.jar;D:\ProgromFiles\apache-maven-3.8.6\maven-repo\com\baomidou\mybatis-plus\3.4.1\mybatis-plus-3.4.1.jar;D:\ProgromFiles\apache-maven-3.8.6\maven-repo\com\baomidou\mybatis-plus-extension\3.4.1\mybatis-plus-extension-3.4.1.jar;D:\ProgromFiles\apache-maven-3.8.6\maven-repo\com\baomidou\mybatis-plus-core\3.4.1\mybatis-plus-core-3.4.1.jar;D:\ProgromFiles\apache-maven-3.8.6\maven-repo\com\baomidou\mybatis-plus-annotation\3.4.1\mybatis-plus-annotation-3.4.1.jar;D:\ProgromFiles\apache-maven-3.8.6\maven-repo\com\github\jsqlparser\jsqlparser\3.2\jsqlparser-3.2.jar;D:\ProgromFiles\apache-maven-3.8.6\maven-repo\org\mybatis\mybatis\3.5.6\mybatis-3.5.6.jar;D:\ProgromFiles\apache-maven-3.8.6\maven-repo\org\mybatis\mybatis-spring\2.0.5\mybatis-spring-2.0.5.jar;D:\ProgromFiles\apache-maven-3.8.6\maven-repo\org\springframework\boot\spring-boot-starter-jdbc\2.7.8\spring-boot-starter-jdbc-2.7.8.jar;D:\ProgromFiles\apache-maven-3.8.6\maven-repo\com\zaxxer\HikariCP\4.0.3\HikariCP-4.0.3.jar;D:\ProgromFiles\apache-maven-3.8.6\maven-repo\org\springframework\spring-jdbc\5.3.25\spring-jdbc-5.3.25.jar;D:\ProgromFiles\apache-maven-3.8.6\maven-repo\org\springframework\spring-tx\5.3.25\spring-tx-5.3.25.jar;D:\ProgromFiles\apache-maven-3.8.6\maven-repo\org\springframework\boot\spring-boot-starter-validation\2.7.8\spring-boot-starter-validation-2.7.8.jar;D:\ProgromFiles\apache-maven-3.8.6\maven-repo\org\apache\tomcat\embed\tomcat-embed-el\9.0.71\tomcat-embed-el-9.0.71.jar;D:\ProgromFiles\apache-maven-3.8.6\maven-repo\org\hibernate\validator\hibernate-validator\6.2.5.Final\hibernate-validator-6.2.5.Final.jar;D:\ProgromFiles\apache-maven-3.8.6\maven-repo\jakarta\validation\jakarta.validation-api\2.0.2\jakarta.validation-api-2.0.2.jar;D:\ProgromFiles\apache-maven-3.8.6\maven-repo\org\jboss\logging\jboss-logging\3.4.3.Final\jboss-logging-3.4.3.Final.jar;"/>
    <property name="java.vm.vendor" value="Oracle Corporation"/>
    <property name="sun.arch.data.model" value="64"/>
    <property name="user.variant" value=""/>
    <property name="java.vendor.url" value="http://java.oracle.com/"/>
    <property name="user.timezone" value="Asia/Shanghai"/>
    <property name="java.vm.specification.version" value="1.8"/>
    <property name="os.name" value="Windows 10"/>
    <property name="user.country" value="CN"/>
    <property name="sun.java.launcher" value="SUN_STANDARD"/>
    <property name="sun.boot.library.path" value="D:\ProgromFiles\jdk1.8x64\jre\bin"/>
    <property name="sun.java.command" value="C:\Users\XIAOXIN\AppData\Local\Temp\surefire7625896580369350914\surefirebooter2189370321804875764.jar C:\Users\XIAOXIN\AppData\Local\Temp\surefire7625896580369350914 2023-02-18T15-39-08_482-jvmRun1 surefire3431570762545235069tmp surefire_03897337194942413460tmp"/>
    <property name="surefire.test.class.path" value="D:\大数据团队\我的大学生创新创业项目\开发过程\后端\coutry\target\test-classes;D:\大数据团队\我的大学生创新创业项目\开发过程\后端\coutry\target\classes;D:\ProgromFiles\apache-maven-3.8.6\maven-repo\org\springframework\boot\spring-boot-starter-web\2.7.8\spring-boot-starter-web-2.7.8.jar;D:\ProgromFiles\apache-maven-3.8.6\maven-repo\org\springframework\boot\spring-boot-starter\2.7.8\spring-boot-starter-2.7.8.jar;D:\ProgromFiles\apache-maven-3.8.6\maven-repo\org\springframework\boot\spring-boot\2.7.8\spring-boot-2.7.8.jar;D:\ProgromFiles\apache-maven-3.8.6\maven-repo\org\springframework\boot\spring-boot-starter-logging\2.7.8\spring-boot-starter-logging-2.7.8.jar;D:\ProgromFiles\apache-maven-3.8.6\maven-repo\ch\qos\logback\logback-classic\1.2.11\logback-classic-1.2.11.jar;D:\ProgromFiles\apache-maven-3.8.6\maven-repo\ch\qos\logback\logback-core\1.2.11\logback-core-1.2.11.jar;D:\ProgromFiles\apache-maven-3.8.6\maven-repo\org\apache\logging\log4j\log4j-to-slf4j\2.17.2\log4j-to-slf4j-2.17.2.jar;D:\ProgromFiles\apache-maven-3.8.6\maven-repo\org\apache\logging\log4j\log4j-api\2.17.2\log4j-api-2.17.2.jar;D:\ProgromFiles\apache-maven-3.8.6\maven-repo\org\slf4j\jul-to-slf4j\1.7.36\jul-to-slf4j-1.7.36.jar;D:\ProgromFiles\apache-maven-3.8.6\maven-repo\jakarta\annotation\jakarta.annotation-api\1.3.5\jakarta.annotation-api-1.3.5.jar;D:\ProgromFiles\apache-maven-3.8.6\maven-repo\org\yaml\snakeyaml\1.30\snakeyaml-1.30.jar;D:\ProgromFiles\apache-maven-3.8.6\maven-repo\org\springframework\boot\spring-boot-starter-json\2.7.8\spring-boot-starter-json-2.7.8.jar;D:\ProgromFiles\apache-maven-3.8.6\maven-repo\com\fasterxml\jackson\core\jackson-databind\2.13.4.2\jackson-databind-2.13.4.2.jar;D:\ProgromFiles\apache-maven-3.8.6\maven-repo\com\fasterxml\jackson\core\jackson-annotations\2.13.4\jackson-annotations-2.13.4.jar;D:\ProgromFiles\apache-maven-3.8.6\maven-repo\com\fasterxml\jackson\core\jackson-core\2.13.4\jackson-core-2.13.4.jar;D:\ProgromFiles\apache-maven-3.8.6\maven-repo\com\fasterxml\jackson\datatype\jackson-datatype-jdk8\2.13.4\jackson-datatype-jdk8-2.13.4.jar;D:\ProgromFiles\apache-maven-3.8.6\maven-repo\com\fasterxml\jackson\datatype\jackson-datatype-jsr310\2.13.4\jackson-datatype-jsr310-2.13.4.jar;D:\ProgromFiles\apache-maven-3.8.6\maven-repo\com\fasterxml\jackson\module\jackson-module-parameter-names\2.13.4\jackson-module-parameter-names-2.13.4.jar;D:\ProgromFiles\apache-maven-3.8.6\maven-repo\org\springframework\boot\spring-boot-starter-tomcat\2.7.8\spring-boot-starter-tomcat-2.7.8.jar;D:\ProgromFiles\apache-maven-3.8.6\maven-repo\org\apache\tomcat\embed\tomcat-embed-core\9.0.71\tomcat-embed-core-9.0.71.jar;D:\ProgromFiles\apache-maven-3.8.6\maven-repo\org\apache\tomcat\embed\tomcat-embed-websocket\9.0.71\tomcat-embed-websocket-9.0.71.jar;D:\ProgromFiles\apache-maven-3.8.6\maven-repo\org\springframework\spring-web\5.3.25\spring-web-5.3.25.jar;D:\ProgromFiles\apache-maven-3.8.6\maven-repo\org\springframework\spring-beans\5.3.25\spring-beans-5.3.25.jar;D:\ProgromFiles\apache-maven-3.8.6\maven-repo\org\springframework\spring-webmvc\5.3.25\spring-webmvc-5.3.25.jar;D:\ProgromFiles\apache-maven-3.8.6\maven-repo\org\springframework\spring-aop\5.3.25\spring-aop-5.3.25.jar;D:\ProgromFiles\apache-maven-3.8.6\maven-repo\org\springframework\spring-context\5.3.25\spring-context-5.3.25.jar;D:\ProgromFiles\apache-maven-3.8.6\maven-repo\org\springframework\spring-expression\5.3.25\spring-expression-5.3.25.jar;D:\ProgromFiles\apache-maven-3.8.6\maven-repo\org\projectlombok\lombok\1.18.24\lombok-1.18.24.jar;D:\ProgromFiles\apache-maven-3.8.6\maven-repo\org\springframework\boot\spring-boot-starter-test\2.7.8\spring-boot-starter-test-2.7.8.jar;D:\ProgromFiles\apache-maven-3.8.6\maven-repo\org\springframework\boot\spring-boot-test\2.7.8\spring-boot-test-2.7.8.jar;D:\ProgromFiles\apache-maven-3.8.6\maven-repo\org\springframework\boot\spring-boot-test-autoconfigure\2.7.8\spring-boot-test-autoconfigure-2.7.8.jar;D:\ProgromFiles\apache-maven-3.8.6\maven-repo\com\jayway\jsonpath\json-path\2.7.0\json-path-2.7.0.jar;D:\ProgromFiles\apache-maven-3.8.6\maven-repo\net\minidev\json-smart\2.4.8\json-smart-2.4.8.jar;D:\ProgromFiles\apache-maven-3.8.6\maven-repo\net\minidev\accessors-smart\2.4.8\accessors-smart-2.4.8.jar;D:\ProgromFiles\apache-maven-3.8.6\maven-repo\org\ow2\asm\asm\9.1\asm-9.1.jar;D:\ProgromFiles\apache-maven-3.8.6\maven-repo\jakarta\xml\bind\jakarta.xml.bind-api\2.3.3\jakarta.xml.bind-api-2.3.3.jar;D:\ProgromFiles\apache-maven-3.8.6\maven-repo\jakarta\activation\jakarta.activation-api\1.2.2\jakarta.activation-api-1.2.2.jar;D:\ProgromFiles\apache-maven-3.8.6\maven-repo\org\assertj\assertj-core\3.22.0\assertj-core-3.22.0.jar;D:\ProgromFiles\apache-maven-3.8.6\maven-repo\org\hamcrest\hamcrest\2.2\hamcrest-2.2.jar;D:\ProgromFiles\apache-maven-3.8.6\maven-repo\org\junit\jupiter\junit-jupiter\5.8.2\junit-jupiter-5.8.2.jar;D:\ProgromFiles\apache-maven-3.8.6\maven-repo\org\junit\jupiter\junit-jupiter-api\5.8.2\junit-jupiter-api-5.8.2.jar;D:\ProgromFiles\apache-maven-3.8.6\maven-repo\org\opentest4j\opentest4j\1.2.0\opentest4j-1.2.0.jar;D:\ProgromFiles\apache-maven-3.8.6\maven-repo\org\junit\platform\junit-platform-commons\1.8.2\junit-platform-commons-1.8.2.jar;D:\ProgromFiles\apache-maven-3.8.6\maven-repo\org\apiguardian\apiguardian-api\1.1.2\apiguardian-api-1.1.2.jar;D:\ProgromFiles\apache-maven-3.8.6\maven-repo\org\junit\jupiter\junit-jupiter-params\5.8.2\junit-jupiter-params-5.8.2.jar;D:\ProgromFiles\apache-maven-3.8.6\maven-repo\org\junit\jupiter\junit-jupiter-engine\5.8.2\junit-jupiter-engine-5.8.2.jar;D:\ProgromFiles\apache-maven-3.8.6\maven-repo\org\junit\platform\junit-platform-engine\1.8.2\junit-platform-engine-1.8.2.jar;D:\ProgromFiles\apache-maven-3.8.6\maven-repo\org\mockito\mockito-core\4.5.1\mockito-core-4.5.1.jar;D:\ProgromFiles\apache-maven-3.8.6\maven-repo\net\bytebuddy\byte-buddy\1.12.22\byte-buddy-1.12.22.jar;D:\ProgromFiles\apache-maven-3.8.6\maven-repo\net\bytebuddy\byte-buddy-agent\1.12.22\byte-buddy-agent-1.12.22.jar;D:\ProgromFiles\apache-maven-3.8.6\maven-repo\org\objenesis\objenesis\3.2\objenesis-3.2.jar;D:\ProgromFiles\apache-maven-3.8.6\maven-repo\org\mockito\mockito-junit-jupiter\4.5.1\mockito-junit-jupiter-4.5.1.jar;D:\ProgromFiles\apache-maven-3.8.6\maven-repo\org\skyscreamer\jsonassert\1.5.1\jsonassert-1.5.1.jar;D:\ProgromFiles\apache-maven-3.8.6\maven-repo\com\vaadin\external\google\android-json\0.0.20131108.vaadin1\android-json-0.0.20131108.vaadin1.jar;D:\ProgromFiles\apache-maven-3.8.6\maven-repo\org\springframework\spring-core\5.3.25\spring-core-5.3.25.jar;D:\ProgromFiles\apache-maven-3.8.6\maven-repo\org\springframework\spring-jcl\5.3.25\spring-jcl-5.3.25.jar;D:\ProgromFiles\apache-maven-3.8.6\maven-repo\org\springframework\spring-test\5.3.25\spring-test-5.3.25.jar;D:\ProgromFiles\apache-maven-3.8.6\maven-repo\org\xmlunit\xmlunit-core\2.9.1\xmlunit-core-2.9.1.jar;D:\ProgromFiles\apache-maven-3.8.6\maven-repo\io\springfox\springfox-boot-starter\3.0.0\springfox-boot-starter-3.0.0.jar;D:\ProgromFiles\apache-maven-3.8.6\maven-repo\io\springfox\springfox-oas\3.0.0\springfox-oas-3.0.0.jar;D:\ProgromFiles\apache-maven-3.8.6\maven-repo\io\swagger\core\v3\swagger-annotations\2.1.2\swagger-annotations-2.1.2.jar;D:\ProgromFiles\apache-maven-3.8.6\maven-repo\io\swagger\core\v3\swagger-models\2.1.2\swagger-models-2.1.2.jar;D:\ProgromFiles\apache-maven-3.8.6\maven-repo\io\springfox\springfox-spi\3.0.0\springfox-spi-3.0.0.jar;D:\ProgromFiles\apache-maven-3.8.6\maven-repo\io\springfox\springfox-schema\3.0.0\springfox-schema-3.0.0.jar;D:\ProgromFiles\apache-maven-3.8.6\maven-repo\io\springfox\springfox-core\3.0.0\springfox-core-3.0.0.jar;D:\ProgromFiles\apache-maven-3.8.6\maven-repo\io\springfox\springfox-spring-web\3.0.0\springfox-spring-web-3.0.0.jar;D:\ProgromFiles\apache-maven-3.8.6\maven-repo\io\github\classgraph\classgraph\4.8.83\classgraph-4.8.83.jar;D:\ProgromFiles\apache-maven-3.8.6\maven-repo\io\springfox\springfox-spring-webmvc\3.0.0\springfox-spring-webmvc-3.0.0.jar;D:\ProgromFiles\apache-maven-3.8.6\maven-repo\io\springfox\springfox-spring-webflux\3.0.0\springfox-spring-webflux-3.0.0.jar;D:\ProgromFiles\apache-maven-3.8.6\maven-repo\io\springfox\springfox-swagger-common\3.0.0\springfox-swagger-common-3.0.0.jar;D:\ProgromFiles\apache-maven-3.8.6\maven-repo\org\mapstruct\mapstruct\1.3.1.Final\mapstruct-1.3.1.Final.jar;D:\ProgromFiles\apache-maven-3.8.6\maven-repo\io\springfox\springfox-data-rest\3.0.0\springfox-data-rest-3.0.0.jar;D:\ProgromFiles\apache-maven-3.8.6\maven-repo\io\springfox\springfox-bean-validators\3.0.0\springfox-bean-validators-3.0.0.jar;D:\ProgromFiles\apache-maven-3.8.6\maven-repo\io\springfox\springfox-swagger2\3.0.0\springfox-swagger2-3.0.0.jar;D:\ProgromFiles\apache-maven-3.8.6\maven-repo\io\swagger\swagger-annotations\1.5.20\swagger-annotations-1.5.20.jar;D:\ProgromFiles\apache-maven-3.8.6\maven-repo\io\swagger\swagger-models\1.5.20\swagger-models-1.5.20.jar;D:\ProgromFiles\apache-maven-3.8.6\maven-repo\io\springfox\springfox-swagger-ui\3.0.0\springfox-swagger-ui-3.0.0.jar;D:\ProgromFiles\apache-maven-3.8.6\maven-repo\com\fasterxml\classmate\1.5.1\classmate-1.5.1.jar;D:\ProgromFiles\apache-maven-3.8.6\maven-repo\org\slf4j\slf4j-api\1.7.36\slf4j-api-1.7.36.jar;D:\ProgromFiles\apache-maven-3.8.6\maven-repo\org\springframework\plugin\spring-plugin-core\2.0.0.RELEASE\spring-plugin-core-2.0.0.RELEASE.jar;D:\ProgromFiles\apache-maven-3.8.6\maven-repo\org\springframework\plugin\spring-plugin-metadata\2.0.0.RELEASE\spring-plugin-metadata-2.0.0.RELEASE.jar;D:\ProgromFiles\apache-maven-3.8.6\maven-repo\com\alibaba\druid-spring-boot-starter\1.1.20\druid-spring-boot-starter-1.1.20.jar;D:\ProgromFiles\apache-maven-3.8.6\maven-repo\com\alibaba\druid\1.1.20\druid-1.1.20.jar;D:\ProgromFiles\apache-maven-3.8.6\maven-repo\org\springframework\boot\spring-boot-autoconfigure\2.7.8\spring-boot-autoconfigure-2.7.8.jar;D:\ProgromFiles\apache-maven-3.8.6\maven-repo\mysql\mysql-connector-java\5.1.47\mysql-connector-java-5.1.47.jar;D:\ProgromFiles\apache-maven-3.8.6\maven-repo\com\baomidou\mybatis-plus-boot-starter\3.4.1\mybatis-plus-boot-starter-3.4.1.jar;D:\ProgromFiles\apache-maven-3.8.6\maven-repo\com\baomidou\mybatis-plus\3.4.1\mybatis-plus-3.4.1.jar;D:\ProgromFiles\apache-maven-3.8.6\maven-repo\com\baomidou\mybatis-plus-extension\3.4.1\mybatis-plus-extension-3.4.1.jar;D:\ProgromFiles\apache-maven-3.8.6\maven-repo\com\baomidou\mybatis-plus-core\3.4.1\mybatis-plus-core-3.4.1.jar;D:\ProgromFiles\apache-maven-3.8.6\maven-repo\com\baomidou\mybatis-plus-annotation\3.4.1\mybatis-plus-annotation-3.4.1.jar;D:\ProgromFiles\apache-maven-3.8.6\maven-repo\com\github\jsqlparser\jsqlparser\3.2\jsqlparser-3.2.jar;D:\ProgromFiles\apache-maven-3.8.6\maven-repo\org\mybatis\mybatis\3.5.6\mybatis-3.5.6.jar;D:\ProgromFiles\apache-maven-3.8.6\maven-repo\org\mybatis\mybatis-spring\2.0.5\mybatis-spring-2.0.5.jar;D:\ProgromFiles\apache-maven-3.8.6\maven-repo\org\springframework\boot\spring-boot-starter-jdbc\2.7.8\spring-boot-starter-jdbc-2.7.8.jar;D:\ProgromFiles\apache-maven-3.8.6\maven-repo\com\zaxxer\HikariCP\4.0.3\HikariCP-4.0.3.jar;D:\ProgromFiles\apache-maven-3.8.6\maven-repo\org\springframework\spring-jdbc\5.3.25\spring-jdbc-5.3.25.jar;D:\ProgromFiles\apache-maven-3.8.6\maven-repo\org\springframework\spring-tx\5.3.25\spring-tx-5.3.25.jar;D:\ProgromFiles\apache-maven-3.8.6\maven-repo\org\springframework\boot\spring-boot-starter-validation\2.7.8\spring-boot-starter-validation-2.7.8.jar;D:\ProgromFiles\apache-maven-3.8.6\maven-repo\org\apache\tomcat\embed\tomcat-embed-el\9.0.71\tomcat-embed-el-9.0.71.jar;D:\ProgromFiles\apache-maven-3.8.6\maven-repo\org\hibernate\validator\hibernate-validator\6.2.5.Final\hibernate-validator-6.2.5.Final.jar;D:\ProgromFiles\apache-maven-3.8.6\maven-repo\jakarta\validation\jakarta.validation-api\2.0.2\jakarta.validation-api-2.0.2.jar;D:\ProgromFiles\apache-maven-3.8.6\maven-repo\org\jboss\logging\jboss-logging\3.4.3.Final\jboss-logging-3.4.3.Final.jar;"/>
    <property name="sun.cpu.endian" value="little"/>
    <property name="user.home" value="C:\Users\XIAOXIN"/>
    <property name="user.language" value="zh"/>
    <property name="java.specification.vendor" value="Oracle Corporation"/>
    <property name="java.home" value="D:\ProgromFiles\jdk1.8x64\jre"/>
    <property name="basedir" value="D:\大数据团队\我的大学生创新创业项目\开发过程\后端\coutry"/>
    <property name="file.separator" value="\"/>
    <property name="line.separator" value="&#10;"/>
    <property name="java.vm.specification.vendor" value="Oracle Corporation"/>
    <property name="java.specification.name" value="Java Platform API Specification"/>
    <property name="java.awt.graphicsenv" value="sun.awt.Win32GraphicsEnvironment"/>
    <property name="surefire.real.class.path" value="C:\Users\XIAOXIN\AppData\Local\Temp\surefire7625896580369350914\surefirebooter2189370321804875764.jar"/>
    <property name="sun.boot.class.path" value="D:\ProgromFiles\jdk1.8x64\jre\lib\resources.jar;D:\ProgromFiles\jdk1.8x64\jre\lib\rt.jar;D:\ProgromFiles\jdk1.8x64\jre\lib\jsse.jar;D:\ProgromFiles\jdk1.8x64\jre\lib\jce.jar;D:\ProgromFiles\jdk1.8x64\jre\lib\charsets.jar;D:\ProgromFiles\jdk1.8x64\jre\lib\jfr.jar;D:\ProgromFiles\jdk1.8x64\jre\classes"/>
    <property name="user.script" value=""/>
    <property name="sun.management.compiler" value="HotSpot 64-Bit Tiered Compilers"/>
    <property name="java.runtime.version" value="1.8.0_341-b10"/>
    <property name="user.name" value="XIAOXIN"/>
    <property name="path.separator" value=";"/>
    <property name="os.version" value="10.0"/>
    <property name="java.endorsed.dirs" value="D:\ProgromFiles\jdk1.8x64\jre\lib\endorsed"/>
    <property name="java.runtime.name" value="Java(TM) SE Runtime Environment"/>
    <property name="file.encoding" value="GBK"/>
    <property name="java.vm.name" value="Java HotSpot(TM) 64-Bit Server VM"/>
    <property name="localRepository" value="D:\ProgromFiles\apache-maven-3.8.6\maven-repo"/>
    <property name="java.vendor.url.bug" value="http://bugreport.sun.com/bugreport/"/>
    <property name="java.io.tmpdir" value="C:\Users\XIAOXIN\AppData\Local\Temp\"/>
    <property name="idea.version" value="2022.3.2"/>
    <property name="java.version" value="1.8.0_341"/>
    <property name="user.dir" value="D:\大数据团队\我的大学生创新创业项目\开发过程\后端\coutry"/>
    <property name="os.arch" value="amd64"/>
    <property name="java.vm.specification.name" value="Java Virtual Machine Specification"/>
    <property name="java.awt.printerjob" value="sun.awt.windows.WPrinterJob"/>
    <property name="sun.os.patch.level" value=""/>
    <property name="java.library.path" value="D:\ProgromFiles\jdk1.8x64\jre\bin;C:\Windows\Sun\Java\bin;C:\Windows\system32;C:\Windows;D:\ProgromFiles\anl\bin\;C:\Program Files (x86)\Common Files\Oracle\Java\javapath;D:\python3.10\Scripts\;D:\python3.10\;C:\Windows\system32;C:\Windows;C:\Windows\System32\Wbem;C:\Windows\System32\WindowsPowerShell\v1.0\;C:\Windows\System32\OpenSSH\;D:\ProgromFiles\jdk1.8x64\bin;D:\ProgromFiles\jdk1.8x64\jre\bin;D:\ProgromFiles\Git\cmd;D:\ProgromFiles\apache-maven-3.8.6\bin;D:\ProgromFiles\TDM-GCC-64\bin;D:\ProgromFiles\mysql-5.7.30\bin\;D:\ProgromFiles\apache-maven-3.8.6\bin;D:\ProgromFiles\Nodejs\;D:\ProgromFiles\Anaaconda;D:\ProgromFiles\Anaaconda\Library\mingw-w64\bin;D:\ProgromFiles\Anaaconda\Library\usr\bin;D:\ProgromFiles\Anaaconda\Library\bin;D:\ProgromFiles\Anaaconda\Scripts;C:\Users\XIAOXIN\AppData\Local\Microsoft\WindowsApps;D:\phthon\pycharm\PyCharm Community Edition 2021.2.2\bin;D:\code\bin;D:\Pycharm\PyCharm Community Edition 2021.3.1\bin;;D:\ProgromFiles\IntelliJ IDEA 2022.3.2\bin;;D:\ProgromFiles\mysql-5.7.30\bin;D:\ProgromFiles\Microsoft VS Code\bin;D:\ProgromFiles\TDM-GCC-64\bin;D:\ProgromFiles\apache-maven-3.8.6\bin;C:\Users\XIAOXIN\AppData\Roaming\npm;."/>
    <property name="java.vm.info" value="mixed mode"/>
    <property name="java.vendor" value="Oracle Corporation"/>
    <property name="java.vm.version" value="25.341-b10"/>
    <property name="java.ext.dirs" value="D:\ProgromFiles\jdk1.8x64\jre\lib\ext;C:\Windows\Sun\Java\lib\ext"/>
    <property name="sun.io.unicode.encoding" value="UnicodeLittle"/>
    <property name="maven.repo.local" value="D:\ProgromFiles\apache-maven-3.8.6\maven-repo"/>
    <property name="java.class.version" value="52.0"/>
  </properties>
  <testcase name="contextLoads" classname="com.xiaoxin.CoutryApplicationTests" time="0.007">
    <error message="Failed to load ApplicationContext" type="java.lang.IllegalStateException">java.lang.IllegalStateException: Failed to load ApplicationContext
Caused by: org.springframework.context.ApplicationContextException: Failed to start bean 'documentationPluginsBootstrapper'; nested exception is java.lang.NullPointerException
Caused by: java.lang.NullPointerException
</error>
    <system-out><![CDATA[15:39:18.638 [main] DEBUG org.springframework.test.context.BootstrapUtils - Instantiating CacheAwareContextLoaderDelegate from class [org.springframework.test.context.cache.DefaultCacheAwareContextLoaderDelegate]
15:39:18.649 [main] DEBUG org.springframework.test.context.BootstrapUtils - Instantiating BootstrapContext using constructor [public org.springframework.test.context.support.DefaultBootstrapContext(java.lang.Class,org.springframework.test.context.CacheAwareContextLoaderDelegate)]
15:39:18.679 [main] DEBUG org.springframework.test.context.BootstrapUtils - Instantiating TestContextBootstrapper for test class [com.xiaoxin.CoutryApplicationTests] from class [org.springframework.boot.test.context.SpringBootTestContextBootstrapper]
15:39:18.690 [main] INFO org.springframework.boot.test.context.SpringBootTestContextBootstrapper - Neither @ContextConfiguration nor @ContextHierarchy found for test class [com.xiaoxin.CoutryApplicationTests], using SpringBootContextLoader
15:39:18.694 [main] DEBUG org.springframework.test.context.support.AbstractContextLoader - Did not detect default resource location for test class [com.xiaoxin.CoutryApplicationTests]: class path resource [com/xiaoxin/CoutryApplicationTests-context.xml] does not exist
15:39:18.694 [main] DEBUG org.springframework.test.context.support.AbstractContextLoader - Did not detect default resource location for test class [com.xiaoxin.CoutryApplicationTests]: class path resource [com/xiaoxin/CoutryApplicationTestsContext.groovy] does not exist
15:39:18.694 [main] INFO org.springframework.test.context.support.AbstractContextLoader - Could not detect default resource locations for test class [com.xiaoxin.CoutryApplicationTests]: no resource found for suffixes {-context.xml, Context.groovy}.
15:39:18.695 [main] INFO org.springframework.test.context.support.AnnotationConfigContextLoaderUtils - Could not detect default configuration classes for test class [com.xiaoxin.CoutryApplicationTests]: CoutryApplicationTests does not declare any static, non-private, non-final, nested classes annotated with @Configuration.
15:39:18.735 [main] DEBUG org.springframework.test.context.support.ActiveProfilesUtils - Could not find an 'annotation declaring class' for annotation type [org.springframework.test.context.ActiveProfiles] and class [com.xiaoxin.CoutryApplicationTests]
15:39:18.798 [main] DEBUG org.springframework.context.annotation.ClassPathScanningCandidateComponentProvider - Identified candidate component class: file [D:\大数据团队\我的大学生创新创业项目\开发过程\后端\coutry\target\classes\com\xiaoxin\CoutryApplication.class]
15:39:18.800 [main] INFO org.springframework.boot.test.context.SpringBootTestContextBootstrapper - Found @SpringBootConfiguration com.xiaoxin.CoutryApplication for test class com.xiaoxin.CoutryApplicationTests
15:39:18.908 [main] DEBUG org.springframework.boot.test.context.SpringBootTestContextBootstrapper - @TestExecutionListeners is not present for class [com.xiaoxin.CoutryApplicationTests]: using defaults.
15:39:18.908 [main] INFO org.springframework.boot.test.context.SpringBootTestContextBootstrapper - Loaded default TestExecutionListener class names from location [META-INF/spring.factories]: [org.springframework.boot.test.mock.mockito.MockitoTestExecutionListener, org.springframework.boot.test.mock.mockito.ResetMocksTestExecutionListener, org.springframework.boot.test.autoconfigure.restdocs.RestDocsTestExecutionListener, org.springframework.boot.test.autoconfigure.web.client.MockRestServiceServerResetTestExecutionListener, org.springframework.boot.test.autoconfigure.web.servlet.MockMvcPrintOnlyOnFailureTestExecutionListener, org.springframework.boot.test.autoconfigure.web.servlet.WebDriverTestExecutionListener, org.springframework.boot.test.autoconfigure.webservices.client.MockWebServiceServerTestExecutionListener, org.springframework.test.context.web.ServletTestExecutionListener, org.springframework.test.context.support.DirtiesContextBeforeModesTestExecutionListener, org.springframework.test.context.event.ApplicationEventsTestExecutionListener, org.springframework.test.context.support.DependencyInjectionTestExecutionListener, org.springframework.test.context.support.DirtiesContextTestExecutionListener, org.springframework.test.context.transaction.TransactionalTestExecutionListener, org.springframework.test.context.jdbc.SqlScriptsTestExecutionListener, org.springframework.test.context.event.EventPublishingTestExecutionListener]
15:39:18.927 [main] INFO org.springframework.boot.test.context.SpringBootTestContextBootstrapper - Using TestExecutionListeners: [org.springframework.test.context.web.ServletTestExecutionListener@59402b8f, org.springframework.test.context.support.DirtiesContextBeforeModesTestExecutionListener@7188af83, org.springframework.test.context.event.ApplicationEventsTestExecutionListener@6be968ce, org.springframework.boot.test.mock.mockito.MockitoTestExecutionListener@7c37508a, org.springframework.boot.test.autoconfigure.SpringBootDependencyInjectionTestExecutionListener@247310d0, org.springframework.test.context.support.DirtiesContextTestExecutionListener@1033576a, org.springframework.test.context.transaction.TransactionalTestExecutionListener@303cf2ba, org.springframework.test.context.jdbc.SqlScriptsTestExecutionListener@76494737, org.springframework.test.context.event.EventPublishingTestExecutionListener@4a003cbe, org.springframework.boot.test.mock.mockito.ResetMocksTestExecutionListener@4082ba93, org.springframework.boot.test.autoconfigure.restdocs.RestDocsTestExecutionListener@17fc391b, org.springframework.boot.test.autoconfigure.web.client.MockRestServiceServerResetTestExecutionListener@2b30a42c, org.springframework.boot.test.autoconfigure.web.servlet.MockMvcPrintOnlyOnFailureTestExecutionListener@609e8838, org.springframework.boot.test.autoconfigure.web.servlet.WebDriverTestExecutionListener@359df09a, org.springframework.boot.test.autoconfigure.webservices.client.MockWebServiceServerTestExecutionListener@43df23d3]
15:39:18.930 [main] DEBUG org.springframework.test.context.support.AbstractDirtiesContextTestExecutionListener - Before test class: context [DefaultTestContext@7fd50002 testClass = CoutryApplicationTests, testInstance = [null], testMethod = [null], testException = [null], mergedContextConfiguration = [WebMergedContextConfiguration@533bda92 testClass = CoutryApplicationTests, locations = '{}', classes = '{class com.xiaoxin.CoutryApplication}', contextInitializerClasses = '[]', activeProfiles = '{}', propertySourceLocations = '{}', propertySourceProperties = '{org.springframework.boot.test.context.SpringBootTestContextBootstrapper=true}', contextCustomizers = set[org.springframework.boot.test.context.filter.ExcludeFilterContextCustomizer@6572421, org.springframework.boot.test.json.DuplicateJsonObjectContextCustomizerFactory$DuplicateJsonObjectContextCustomizer@37afeb11, org.springframework.boot.test.mock.mockito.MockitoContextCustomizer@0, org.springframework.boot.test.web.client.TestRestTemplateContextCustomizer@10e31a9a, org.springframework.boot.test.autoconfigure.actuate.metrics.MetricsExportContextCustomizerFactory$DisableMetricExportContextCustomizer@7f0eb4b4, org.springframework.boot.test.autoconfigure.properties.PropertyMappingContextCustomizer@0, org.springframework.boot.test.autoconfigure.web.servlet.WebDriverContextCustomizerFactory$Customizer@1283bb96, org.springframework.boot.test.context.SpringBootTestArgs@1, org.springframework.boot.test.context.SpringBootTestWebEnvironment@27efef64], resourceBasePath = 'src/main/webapp', contextLoader = 'org.springframework.boot.test.context.SpringBootContextLoader', parent = [null]], attributes = map['org.springframework.test.context.web.ServletTestExecutionListener.activateListener' -> true]], class annotated with @DirtiesContext [false] with mode [null].

  .   ____          _            __ _ _
 /\\ / ___'_ __ _ _(_)_ __  __ _ \ \ \ \
( ( )\___ | '_ | '_| | '_ \/ _` | \ \ \ \
 \\/  ___)| |_)| | | | | || (_| |  ) ) ) )
  '  |____| .__|_| |_|_| |_\__, | / / / /
 =========|_|==============|___/=/_/_/_/
 :: Spring Boot ::                (v2.7.8)

2023-02-18 15:39:19.221  INFO 26116 --- [           main] com.xiaoxin.CoutryApplicationTests       : Starting CoutryApplicationTests using Java 1.8.0_341 on HONORMajicBook16 with PID 26116 (started by XIAOXIN in D:\大数据团队\我的大学生创新创业项目\开发过程\后端\coutry)
2023-02-18 15:39:19.222  INFO 26116 --- [           main] com.xiaoxin.CoutryApplicationTests       : No active profile set, falling back to 1 default profile: "default"
2023-02-18 15:39:20.394  INFO 26116 --- [           main] c.a.d.s.b.a.DruidDataSourceAutoConfigure : Init DruidDataSource
2023-02-18 15:39:20.735  INFO 26116 --- [           main] com.alibaba.druid.pool.DruidDataSource   : {dataSource-1} inited
 _ _   |_  _ _|_. ___ _ |    _ 
| | |\/|_)(_| | |_\  |_)||_|_\ 
     /               |         
                        3.4.1 
2023-02-18 15:39:21.398  WARN 26116 --- [           main] c.b.m.core.metadata.TableInfoHelper      : This primary key of "id" is primitive !不建议如此请使用包装类 in Class: "com.xiaoxin.entity.SysUserEntity"
2023-02-18 15:39:22.635  WARN 26116 --- [           main] o.s.w.c.s.GenericWebApplicationContext   : Exception encountered during context initialization - cancelling refresh attempt: org.springframework.context.ApplicationContextException: Failed to start bean 'documentationPluginsBootstrapper'; nested exception is java.lang.NullPointerException
2023-02-18 15:39:22.638  INFO 26116 --- [           main] com.alibaba.druid.pool.DruidDataSource   : {dataSource-1} closing ...
2023-02-18 15:39:22.645  INFO 26116 --- [           main] com.alibaba.druid.pool.DruidDataSource   : {dataSource-1} closed
2023-02-18 15:39:22.653  INFO 26116 --- [           main] ConditionEvaluationReportLoggingListener : 

Error starting ApplicationContext. To display the conditions report re-run your application with 'debug' enabled.
2023-02-18 15:39:22.675 ERROR 26116 --- [           main] o.s.boot.SpringApplication               : Application run failed

org.springframework.context.ApplicationContextException: Failed to start bean 'documentationPluginsBootstrapper'; nested exception is java.lang.NullPointerException
	at org.springframework.context.support.DefaultLifecycleProcessor.doStart(DefaultLifecycleProcessor.java:181) ~[spring-context-5.3.25.jar:5.3.25]
	at org.springframework.context.support.DefaultLifecycleProcessor.access$200(DefaultLifecycleProcessor.java:54) ~[spring-context-5.3.25.jar:5.3.25]
	at org.springframework.context.support.DefaultLifecycleProcessor$LifecycleGroup.start(DefaultLifecycleProcessor.java:356) ~[spring-context-5.3.25.jar:5.3.25]
	at java.lang.Iterable.forEach(Iterable.java:75) ~[na:1.8.0_341]
	at org.springframework.context.support.DefaultLifecycleProcessor.startBeans(DefaultLifecycleProcessor.java:155) ~[spring-context-5.3.25.jar:5.3.25]
	at org.springframework.context.support.DefaultLifecycleProcessor.onRefresh(DefaultLifecycleProcessor.java:123) ~[spring-context-5.3.25.jar:5.3.25]
	at org.springframework.context.support.AbstractApplicationContext.finishRefresh(AbstractApplicationContext.java:935) ~[spring-context-5.3.25.jar:5.3.25]
	at org.springframework.context.support.AbstractApplicationContext.refresh(AbstractApplicationContext.java:586) ~[spring-context-5.3.25.jar:5.3.25]
	at org.springframework.boot.SpringApplication.refresh(SpringApplication.java:731) ~[spring-boot-2.7.8.jar:2.7.8]
	at org.springframework.boot.SpringApplication.refreshContext(SpringApplication.java:408) ~[spring-boot-2.7.8.jar:2.7.8]
	at org.springframework.boot.SpringApplication.run(SpringApplication.java:307) ~[spring-boot-2.7.8.jar:2.7.8]
	at org.springframework.boot.test.context.SpringBootContextLoader.loadContext(SpringBootContextLoader.java:136) [spring-boot-test-2.7.8.jar:2.7.8]
	at org.springframework.test.context.cache.DefaultCacheAwareContextLoaderDelegate.loadContextInternal(DefaultCacheAwareContextLoaderDelegate.java:141) [spring-test-5.3.25.jar:5.3.25]
	at org.springframework.test.context.cache.DefaultCacheAwareContextLoaderDelegate.loadContext(DefaultCacheAwareContextLoaderDelegate.java:90) [spring-test-5.3.25.jar:5.3.25]
	at org.springframework.test.context.support.DefaultTestContext.getApplicationContext(DefaultTestContext.java:124) [spring-test-5.3.25.jar:5.3.25]
	at org.springframework.test.context.web.ServletTestExecutionListener.setUpRequestContextIfNecessary(ServletTestExecutionListener.java:190) [spring-test-5.3.25.jar:5.3.25]
	at org.springframework.test.context.web.ServletTestExecutionListener.prepareTestInstance(ServletTestExecutionListener.java:132) [spring-test-5.3.25.jar:5.3.25]
	at org.springframework.test.context.TestContextManager.prepareTestInstance(TestContextManager.java:248) [spring-test-5.3.25.jar:5.3.25]
	at org.springframework.test.context.junit.jupiter.SpringExtension.postProcessTestInstance(SpringExtension.java:138) [spring-test-5.3.25.jar:5.3.25]
	at org.junit.jupiter.engine.descriptor.ClassBasedTestDescriptor.lambda$invokeTestInstancePostProcessors$8(ClassBasedTestDescriptor.java:363) [junit-jupiter-engine-5.8.2.jar:5.8.2]
	at org.junit.jupiter.engine.descriptor.ClassBasedTestDescriptor.executeAndMaskThrowable(ClassBasedTestDescriptor.java:368) [junit-jupiter-engine-5.8.2.jar:5.8.2]
	at org.junit.jupiter.engine.descriptor.ClassBasedTestDescriptor.lambda$invokeTestInstancePostProcessors$9(ClassBasedTestDescriptor.java:363) [junit-jupiter-engine-5.8.2.jar:5.8.2]
	at java.util.stream.ReferencePipeline$3$1.accept(ReferencePipeline.java:193) ~[na:1.8.0_341]
	at java.util.stream.ReferencePipeline$2$1.accept(ReferencePipeline.java:175) ~[na:1.8.0_341]
	at java.util.ArrayList$ArrayListSpliterator.forEachRemaining(ArrayList.java:1384) ~[na:1.8.0_341]
	at java.util.stream.AbstractPipeline.copyInto(AbstractPipeline.java:482) ~[na:1.8.0_341]
	at java.util.stream.AbstractPipeline.wrapAndCopyInto(AbstractPipeline.java:472) ~[na:1.8.0_341]
	at java.util.stream.StreamSpliterators$WrappingSpliterator.forEachRemaining(StreamSpliterators.java:312) ~[na:1.8.0_341]
	at java.util.stream.Streams$ConcatSpliterator.forEachRemaining(Streams.java:743) ~[na:1.8.0_341]
	at java.util.stream.Streams$ConcatSpliterator.forEachRemaining(Streams.java:742) ~[na:1.8.0_341]
	at java.util.stream.ReferencePipeline$Head.forEach(ReferencePipeline.java:580) ~[na:1.8.0_341]
	at org.junit.jupiter.engine.descriptor.ClassBasedTestDescriptor.invokeTestInstancePostProcessors(ClassBasedTestDescriptor.java:362) [junit-jupiter-engine-5.8.2.jar:5.8.2]
	at org.junit.jupiter.engine.descriptor.ClassBasedTestDescriptor.lambda$instantiateAndPostProcessTestInstance$6(ClassBasedTestDescriptor.java:283) [junit-jupiter-engine-5.8.2.jar:5.8.2]
	at org.junit.platform.engine.support.hierarchical.ThrowableCollector.execute(ThrowableCollector.java:73) ~[junit-platform-engine-1.8.2.jar:1.8.2]
	at org.junit.jupiter.engine.descriptor.ClassBasedTestDescriptor.instantiateAndPostProcessTestInstance(ClassBasedTestDescriptor.java:282) [junit-jupiter-engine-5.8.2.jar:5.8.2]
	at org.junit.jupiter.engine.descriptor.ClassBasedTestDescriptor.lambda$testInstancesProvider$4(ClassBasedTestDescriptor.java:272) [junit-jupiter-engine-5.8.2.jar:5.8.2]
	at java.util.Optional.orElseGet(Optional.java:267) ~[na:1.8.0_341]
	at org.junit.jupiter.engine.descriptor.ClassBasedTestDescriptor.lambda$testInstancesProvider$5(ClassBasedTestDescriptor.java:271) [junit-jupiter-engine-5.8.2.jar:5.8.2]
	at org.junit.jupiter.engine.execution.TestInstancesProvider.getTestInstances(TestInstancesProvider.java:31) ~[junit-jupiter-engine-5.8.2.jar:5.8.2]
	at org.junit.jupiter.engine.descriptor.TestMethodTestDescriptor.lambda$prepare$0(TestMethodTestDescriptor.java:102) ~[junit-jupiter-engine-5.8.2.jar:5.8.2]
	at org.junit.platform.engine.support.hierarchical.ThrowableCollector.execute(ThrowableCollector.java:73) ~[junit-platform-engine-1.8.2.jar:1.8.2]
	at org.junit.jupiter.engine.descriptor.TestMethodTestDescriptor.prepare(TestMethodTestDescriptor.java:101) ~[junit-jupiter-engine-5.8.2.jar:5.8.2]
	at org.junit.jupiter.engine.descriptor.TestMethodTestDescriptor.prepare(TestMethodTestDescriptor.java:66) ~[junit-jupiter-engine-5.8.2.jar:5.8.2]
	at org.junit.platform.engine.support.hierarchical.NodeTestTask.lambda$prepare$2(NodeTestTask.java:123) ~[junit-platform-engine-1.8.2.jar:1.8.2]
	at org.junit.platform.engine.support.hierarchical.ThrowableCollector.execute(ThrowableCollector.java:73) ~[junit-platform-engine-1.8.2.jar:1.8.2]
	at org.junit.platform.engine.support.hierarchical.NodeTestTask.prepare(NodeTestTask.java:123) ~[junit-platform-engine-1.8.2.jar:1.8.2]
	at org.junit.platform.engine.support.hierarchical.NodeTestTask.execute(NodeTestTask.java:90) ~[junit-platform-engine-1.8.2.jar:1.8.2]
	at java.util.ArrayList.forEach(ArrayList.java:1259) ~[na:1.8.0_341]
	at org.junit.platform.engine.support.hierarchical.SameThreadHierarchicalTestExecutorService.invokeAll(SameThreadHierarchicalTestExecutorService.java:41) ~[junit-platform-engine-1.8.2.jar:1.8.2]
	at org.junit.platform.engine.support.hierarchical.NodeTestTask.lambda$executeRecursively$6(NodeTestTask.java:155) ~[junit-platform-engine-1.8.2.jar:1.8.2]
	at org.junit.platform.engine.support.hierarchical.ThrowableCollector.execute(ThrowableCollector.java:73) ~[junit-platform-engine-1.8.2.jar:1.8.2]
	at org.junit.platform.engine.support.hierarchical.NodeTestTask.lambda$executeRecursively$8(NodeTestTask.java:141) ~[junit-platform-engine-1.8.2.jar:1.8.2]
	at org.junit.platform.engine.support.hierarchical.Node.around(Node.java:137) ~[junit-platform-engine-1.8.2.jar:1.8.2]
	at org.junit.platform.engine.support.hierarchical.NodeTestTask.lambda$executeRecursively$9(NodeTestTask.java:139) ~[junit-platform-engine-1.8.2.jar:1.8.2]
	at org.junit.platform.engine.support.hierarchical.ThrowableCollector.execute(ThrowableCollector.java:73) ~[junit-platform-engine-1.8.2.jar:1.8.2]
	at org.junit.platform.engine.support.hierarchical.NodeTestTask.executeRecursively(NodeTestTask.java:138) ~[junit-platform-engine-1.8.2.jar:1.8.2]
	at org.junit.platform.engine.support.hierarchical.NodeTestTask.execute(NodeTestTask.java:95) ~[junit-platform-engine-1.8.2.jar:1.8.2]
	at java.util.ArrayList.forEach(ArrayList.java:1259) ~[na:1.8.0_341]
	at org.junit.platform.engine.support.hierarchical.SameThreadHierarchicalTestExecutorService.invokeAll(SameThreadHierarchicalTestExecutorService.java:41) ~[junit-platform-engine-1.8.2.jar:1.8.2]
	at org.junit.platform.engine.support.hierarchical.NodeTestTask.lambda$executeRecursively$6(NodeTestTask.java:155) ~[junit-platform-engine-1.8.2.jar:1.8.2]
	at org.junit.platform.engine.support.hierarchical.ThrowableCollector.execute(ThrowableCollector.java:73) ~[junit-platform-engine-1.8.2.jar:1.8.2]
	at org.junit.platform.engine.support.hierarchical.NodeTestTask.lambda$executeRecursively$8(NodeTestTask.java:141) ~[junit-platform-engine-1.8.2.jar:1.8.2]
	at org.junit.platform.engine.support.hierarchical.Node.around(Node.java:137) ~[junit-platform-engine-1.8.2.jar:1.8.2]
	at org.junit.platform.engine.support.hierarchical.NodeTestTask.lambda$executeRecursively$9(NodeTestTask.java:139) ~[junit-platform-engine-1.8.2.jar:1.8.2]
	at org.junit.platform.engine.support.hierarchical.ThrowableCollector.execute(ThrowableCollector.java:73) ~[junit-platform-engine-1.8.2.jar:1.8.2]
	at org.junit.platform.engine.support.hierarchical.NodeTestTask.executeRecursively(NodeTestTask.java:138) ~[junit-platform-engine-1.8.2.jar:1.8.2]
	at org.junit.platform.engine.support.hierarchical.NodeTestTask.execute(NodeTestTask.java:95) ~[junit-platform-engine-1.8.2.jar:1.8.2]
	at org.junit.platform.engine.support.hierarchical.SameThreadHierarchicalTestExecutorService.submit(SameThreadHierarchicalTestExecutorService.java:35) ~[junit-platform-engine-1.8.2.jar:1.8.2]
	at org.junit.platform.engine.support.hierarchical.HierarchicalTestExecutor.execute(HierarchicalTestExecutor.java:57) ~[junit-platform-engine-1.8.2.jar:1.8.2]
	at org.junit.platform.engine.support.hierarchical.HierarchicalTestEngine.execute(HierarchicalTestEngine.java:54) ~[junit-platform-engine-1.8.2.jar:1.8.2]
	at org.junit.platform.launcher.core.DefaultLauncher.execute(DefaultLauncher.java:220) ~[junit-platform-launcher-1.3.1.jar:1.3.1]
	at org.junit.platform.launcher.core.DefaultLauncher.lambda$execute$6(DefaultLauncher.java:188) ~[junit-platform-launcher-1.3.1.jar:1.3.1]
	at org.junit.platform.launcher.core.DefaultLauncher.withInterceptedStreams(DefaultLauncher.java:202) ~[junit-platform-launcher-1.3.1.jar:1.3.1]
	at org.junit.platform.launcher.core.DefaultLauncher.execute(DefaultLauncher.java:181) ~[junit-platform-launcher-1.3.1.jar:1.3.1]
	at org.junit.platform.launcher.core.DefaultLauncher.execute(DefaultLauncher.java:128) ~[junit-platform-launcher-1.3.1.jar:1.3.1]
	at org.apache.maven.surefire.junitplatform.JUnitPlatformProvider.invokeAllTests(JUnitPlatformProvider.java:150) ~[surefire-junit-platform-2.22.2.jar:2.22.2]
	at org.apache.maven.surefire.junitplatform.JUnitPlatformProvider.invoke(JUnitPlatformProvider.java:124) ~[surefire-junit-platform-2.22.2.jar:2.22.2]
	at org.apache.maven.surefire.booter.ForkedBooter.invokeProviderInSameClassLoader(ForkedBooter.java:384) ~[surefire-booter-2.22.2.jar:2.22.2]
	at org.apache.maven.surefire.booter.ForkedBooter.runSuitesInProcess(ForkedBooter.java:345) ~[surefire-booter-2.22.2.jar:2.22.2]
	at org.apache.maven.surefire.booter.ForkedBooter.execute(ForkedBooter.java:126) ~[surefire-booter-2.22.2.jar:2.22.2]
	at org.apache.maven.surefire.booter.ForkedBooter.main(ForkedBooter.java:418) ~[surefire-booter-2.22.2.jar:2.22.2]
Caused by: java.lang.NullPointerException: null
	at springfox.documentation.spring.web.WebMvcPatternsRequestConditionWrapper.getPatterns(WebMvcPatternsRequestConditionWrapper.java:56) ~[springfox-spring-webmvc-3.0.0.jar:3.0.0]
	at springfox.documentation.RequestHandler.sortedPaths(RequestHandler.java:113) ~[springfox-core-3.0.0.jar:3.0.0]
	at springfox.documentation.spi.service.contexts.Orderings.lambda$byPatternsCondition$3(Orderings.java:89) ~[springfox-spi-3.0.0.jar:3.0.0]
	at java.util.Comparator.lambda$comparing$77a9974f$1(Comparator.java:469) ~[na:1.8.0_341]
	at java.util.TimSort.countRunAndMakeAscending(TimSort.java:355) ~[na:1.8.0_341]
	at java.util.TimSort.sort(TimSort.java:220) ~[na:1.8.0_341]
	at java.util.Arrays.sort(Arrays.java:1512) ~[na:1.8.0_341]
	at java.util.ArrayList.sort(ArrayList.java:1464) ~[na:1.8.0_341]
	at java.util.stream.SortedOps$RefSortingSink.end(SortedOps.java:387) ~[na:1.8.0_341]
	at java.util.stream.Sink$ChainedReference.end(Sink.java:258) ~[na:1.8.0_341]
	at java.util.stream.Sink$ChainedReference.end(Sink.java:258) ~[na:1.8.0_341]
	at java.util.stream.Sink$ChainedReference.end(Sink.java:258) ~[na:1.8.0_341]
	at java.util.stream.Sink$ChainedReference.end(Sink.java:258) ~[na:1.8.0_341]
	at java.util.stream.AbstractPipeline.copyInto(AbstractPipeline.java:483) ~[na:1.8.0_341]
	at java.util.stream.AbstractPipeline.wrapAndCopyInto(AbstractPipeline.java:472) ~[na:1.8.0_341]
	at java.util.stream.ReduceOps$ReduceOp.evaluateSequential(ReduceOps.java:708) ~[na:1.8.0_341]
	at java.util.stream.AbstractPipeline.evaluate(AbstractPipeline.java:234) ~[na:1.8.0_341]
	at java.util.stream.ReferencePipeline.collect(ReferencePipeline.java:499) ~[na:1.8.0_341]
	at springfox.documentation.spring.web.plugins.WebMvcRequestHandlerProvider.requestHandlers(WebMvcRequestHandlerProvider.java:81) ~[springfox-spring-webmvc-3.0.0.jar:3.0.0]
	at java.util.stream.ReferencePipeline$3$1.accept(ReferencePipeline.java:193) ~[na:1.8.0_341]
	at java.util.ArrayList$ArrayListSpliterator.forEachRemaining(ArrayList.java:1384) ~[na:1.8.0_341]
	at java.util.stream.AbstractPipeline.copyInto(AbstractPipeline.java:482) ~[na:1.8.0_341]
	at java.util.stream.AbstractPipeline.wrapAndCopyInto(AbstractPipeline.java:472) ~[na:1.8.0_341]
	at java.util.stream.ReduceOps$ReduceOp.evaluateSequential(ReduceOps.java:708) ~[na:1.8.0_341]
	at java.util.stream.AbstractPipeline.evaluate(AbstractPipeline.java:234) ~[na:1.8.0_341]
	at java.util.stream.ReferencePipeline.collect(ReferencePipeline.java:499) ~[na:1.8.0_341]
	at springfox.documentation.spring.web.plugins.AbstractDocumentationPluginsBootstrapper.withDefaults(AbstractDocumentationPluginsBootstrapper.java:107) ~[springfox-spring-web-3.0.0.jar:3.0.0]
	at springfox.documentation.spring.web.plugins.AbstractDocumentationPluginsBootstrapper.buildContext(AbstractDocumentationPluginsBootstrapper.java:91) ~[springfox-spring-web-3.0.0.jar:3.0.0]
	at springfox.documentation.spring.web.plugins.AbstractDocumentationPluginsBootstrapper.bootstrapDocumentationPlugins(AbstractDocumentationPluginsBootstrapper.java:82) ~[springfox-spring-web-3.0.0.jar:3.0.0]
	at springfox.documentation.spring.web.plugins.DocumentationPluginsBootstrapper.start(DocumentationPluginsBootstrapper.java:100) ~[springfox-spring-web-3.0.0.jar:3.0.0]
	at org.springframework.context.support.DefaultLifecycleProcessor.doStart(DefaultLifecycleProcessor.java:178) ~[spring-context-5.3.25.jar:5.3.25]
	... 80 common frames omitted

2023-02-18 15:39:22.677 ERROR 26116 --- [           main] o.s.test.context.TestContextManager      : Caught exception while allowing TestExecutionListener [org.springframework.test.context.web.ServletTestExecutionListener@59402b8f] to prepare test instance [com.xiaoxin.CoutryApplicationTests@446e7065]

java.lang.IllegalStateException: Failed to load ApplicationContext
	at org.springframework.test.context.cache.DefaultCacheAwareContextLoaderDelegate.loadContext(DefaultCacheAwareContextLoaderDelegate.java:98) ~[spring-test-5.3.25.jar:5.3.25]
	at org.springframework.test.context.support.DefaultTestContext.getApplicationContext(DefaultTestContext.java:124) ~[spring-test-5.3.25.jar:5.3.25]
	at org.springframework.test.context.web.ServletTestExecutionListener.setUpRequestContextIfNecessary(ServletTestExecutionListener.java:190) ~[spring-test-5.3.25.jar:5.3.25]
	at org.springframework.test.context.web.ServletTestExecutionListener.prepareTestInstance(ServletTestExecutionListener.java:132) ~[spring-test-5.3.25.jar:5.3.25]
	at org.springframework.test.context.TestContextManager.prepareTestInstance(TestContextManager.java:248) ~[spring-test-5.3.25.jar:5.3.25]
	at org.springframework.test.context.junit.jupiter.SpringExtension.postProcessTestInstance(SpringExtension.java:138) [spring-test-5.3.25.jar:5.3.25]
	at org.junit.jupiter.engine.descriptor.ClassBasedTestDescriptor.lambda$invokeTestInstancePostProcessors$8(ClassBasedTestDescriptor.java:363) [junit-jupiter-engine-5.8.2.jar:5.8.2]
	at org.junit.jupiter.engine.descriptor.ClassBasedTestDescriptor.executeAndMaskThrowable(ClassBasedTestDescriptor.java:368) [junit-jupiter-engine-5.8.2.jar:5.8.2]
	at org.junit.jupiter.engine.descriptor.ClassBasedTestDescriptor.lambda$invokeTestInstancePostProcessors$9(ClassBasedTestDescriptor.java:363) [junit-jupiter-engine-5.8.2.jar:5.8.2]
	at java.util.stream.ReferencePipeline$3$1.accept(ReferencePipeline.java:193) ~[na:1.8.0_341]
	at java.util.stream.ReferencePipeline$2$1.accept(ReferencePipeline.java:175) ~[na:1.8.0_341]
	at java.util.ArrayList$ArrayListSpliterator.forEachRemaining(ArrayList.java:1384) ~[na:1.8.0_341]
	at java.util.stream.AbstractPipeline.copyInto(AbstractPipeline.java:482) ~[na:1.8.0_341]
	at java.util.stream.AbstractPipeline.wrapAndCopyInto(AbstractPipeline.java:472) ~[na:1.8.0_341]
	at java.util.stream.StreamSpliterators$WrappingSpliterator.forEachRemaining(StreamSpliterators.java:312) ~[na:1.8.0_341]
	at java.util.stream.Streams$ConcatSpliterator.forEachRemaining(Streams.java:743) ~[na:1.8.0_341]
	at java.util.stream.Streams$ConcatSpliterator.forEachRemaining(Streams.java:742) ~[na:1.8.0_341]
	at java.util.stream.ReferencePipeline$Head.forEach(ReferencePipeline.java:580) ~[na:1.8.0_341]
	at org.junit.jupiter.engine.descriptor.ClassBasedTestDescriptor.invokeTestInstancePostProcessors(ClassBasedTestDescriptor.java:362) [junit-jupiter-engine-5.8.2.jar:5.8.2]
	at org.junit.jupiter.engine.descriptor.ClassBasedTestDescriptor.lambda$instantiateAndPostProcessTestInstance$6(ClassBasedTestDescriptor.java:283) [junit-jupiter-engine-5.8.2.jar:5.8.2]
	at org.junit.platform.engine.support.hierarchical.ThrowableCollector.execute(ThrowableCollector.java:73) ~[junit-platform-engine-1.8.2.jar:1.8.2]
	at org.junit.jupiter.engine.descriptor.ClassBasedTestDescriptor.instantiateAndPostProcessTestInstance(ClassBasedTestDescriptor.java:282) [junit-jupiter-engine-5.8.2.jar:5.8.2]
	at org.junit.jupiter.engine.descriptor.ClassBasedTestDescriptor.lambda$testInstancesProvider$4(ClassBasedTestDescriptor.java:272) [junit-jupiter-engine-5.8.2.jar:5.8.2]
	at java.util.Optional.orElseGet(Optional.java:267) ~[na:1.8.0_341]
	at org.junit.jupiter.engine.descriptor.ClassBasedTestDescriptor.lambda$testInstancesProvider$5(ClassBasedTestDescriptor.java:271) [junit-jupiter-engine-5.8.2.jar:5.8.2]
	at org.junit.jupiter.engine.execution.TestInstancesProvider.getTestInstances(TestInstancesProvider.java:31) ~[junit-jupiter-engine-5.8.2.jar:5.8.2]
	at org.junit.jupiter.engine.descriptor.TestMethodTestDescriptor.lambda$prepare$0(TestMethodTestDescriptor.java:102) ~[junit-jupiter-engine-5.8.2.jar:5.8.2]
	at org.junit.platform.engine.support.hierarchical.ThrowableCollector.execute(ThrowableCollector.java:73) ~[junit-platform-engine-1.8.2.jar:1.8.2]
	at org.junit.jupiter.engine.descriptor.TestMethodTestDescriptor.prepare(TestMethodTestDescriptor.java:101) ~[junit-jupiter-engine-5.8.2.jar:5.8.2]
	at org.junit.jupiter.engine.descriptor.TestMethodTestDescriptor.prepare(TestMethodTestDescriptor.java:66) ~[junit-jupiter-engine-5.8.2.jar:5.8.2]
	at org.junit.platform.engine.support.hierarchical.NodeTestTask.lambda$prepare$2(NodeTestTask.java:123) ~[junit-platform-engine-1.8.2.jar:1.8.2]
	at org.junit.platform.engine.support.hierarchical.ThrowableCollector.execute(ThrowableCollector.java:73) ~[junit-platform-engine-1.8.2.jar:1.8.2]
	at org.junit.platform.engine.support.hierarchical.NodeTestTask.prepare(NodeTestTask.java:123) ~[junit-platform-engine-1.8.2.jar:1.8.2]
	at org.junit.platform.engine.support.hierarchical.NodeTestTask.execute(NodeTestTask.java:90) ~[junit-platform-engine-1.8.2.jar:1.8.2]
	at java.util.ArrayList.forEach(ArrayList.java:1259) ~[na:1.8.0_341]
	at org.junit.platform.engine.support.hierarchical.SameThreadHierarchicalTestExecutorService.invokeAll(SameThreadHierarchicalTestExecutorService.java:41) ~[junit-platform-engine-1.8.2.jar:1.8.2]
	at org.junit.platform.engine.support.hierarchical.NodeTestTask.lambda$executeRecursively$6(NodeTestTask.java:155) ~[junit-platform-engine-1.8.2.jar:1.8.2]
	at org.junit.platform.engine.support.hierarchical.ThrowableCollector.execute(ThrowableCollector.java:73) ~[junit-platform-engine-1.8.2.jar:1.8.2]
	at org.junit.platform.engine.support.hierarchical.NodeTestTask.lambda$executeRecursively$8(NodeTestTask.java:141) ~[junit-platform-engine-1.8.2.jar:1.8.2]
	at org.junit.platform.engine.support.hierarchical.Node.around(Node.java:137) ~[junit-platform-engine-1.8.2.jar:1.8.2]
	at org.junit.platform.engine.support.hierarchical.NodeTestTask.lambda$executeRecursively$9(NodeTestTask.java:139) ~[junit-platform-engine-1.8.2.jar:1.8.2]
	at org.junit.platform.engine.support.hierarchical.ThrowableCollector.execute(ThrowableCollector.java:73) ~[junit-platform-engine-1.8.2.jar:1.8.2]
	at org.junit.platform.engine.support.hierarchical.NodeTestTask.executeRecursively(NodeTestTask.java:138) ~[junit-platform-engine-1.8.2.jar:1.8.2]
	at org.junit.platform.engine.support.hierarchical.NodeTestTask.execute(NodeTestTask.java:95) ~[junit-platform-engine-1.8.2.jar:1.8.2]
	at java.util.ArrayList.forEach(ArrayList.java:1259) ~[na:1.8.0_341]
	at org.junit.platform.engine.support.hierarchical.SameThreadHierarchicalTestExecutorService.invokeAll(SameThreadHierarchicalTestExecutorService.java:41) ~[junit-platform-engine-1.8.2.jar:1.8.2]
	at org.junit.platform.engine.support.hierarchical.NodeTestTask.lambda$executeRecursively$6(NodeTestTask.java:155) ~[junit-platform-engine-1.8.2.jar:1.8.2]
	at org.junit.platform.engine.support.hierarchical.ThrowableCollector.execute(ThrowableCollector.java:73) ~[junit-platform-engine-1.8.2.jar:1.8.2]
	at org.junit.platform.engine.support.hierarchical.NodeTestTask.lambda$executeRecursively$8(NodeTestTask.java:141) ~[junit-platform-engine-1.8.2.jar:1.8.2]
	at org.junit.platform.engine.support.hierarchical.Node.around(Node.java:137) ~[junit-platform-engine-1.8.2.jar:1.8.2]
	at org.junit.platform.engine.support.hierarchical.NodeTestTask.lambda$executeRecursively$9(NodeTestTask.java:139) ~[junit-platform-engine-1.8.2.jar:1.8.2]
	at org.junit.platform.engine.support.hierarchical.ThrowableCollector.execute(ThrowableCollector.java:73) ~[junit-platform-engine-1.8.2.jar:1.8.2]
	at org.junit.platform.engine.support.hierarchical.NodeTestTask.executeRecursively(NodeTestTask.java:138) ~[junit-platform-engine-1.8.2.jar:1.8.2]
	at org.junit.platform.engine.support.hierarchical.NodeTestTask.execute(NodeTestTask.java:95) ~[junit-platform-engine-1.8.2.jar:1.8.2]
	at org.junit.platform.engine.support.hierarchical.SameThreadHierarchicalTestExecutorService.submit(SameThreadHierarchicalTestExecutorService.java:35) ~[junit-platform-engine-1.8.2.jar:1.8.2]
	at org.junit.platform.engine.support.hierarchical.HierarchicalTestExecutor.execute(HierarchicalTestExecutor.java:57) ~[junit-platform-engine-1.8.2.jar:1.8.2]
	at org.junit.platform.engine.support.hierarchical.HierarchicalTestEngine.execute(HierarchicalTestEngine.java:54) ~[junit-platform-engine-1.8.2.jar:1.8.2]
	at org.junit.platform.launcher.core.DefaultLauncher.execute(DefaultLauncher.java:220) ~[junit-platform-launcher-1.3.1.jar:1.3.1]
	at org.junit.platform.launcher.core.DefaultLauncher.lambda$execute$6(DefaultLauncher.java:188) ~[junit-platform-launcher-1.3.1.jar:1.3.1]
	at org.junit.platform.launcher.core.DefaultLauncher.withInterceptedStreams(DefaultLauncher.java:202) ~[junit-platform-launcher-1.3.1.jar:1.3.1]
	at org.junit.platform.launcher.core.DefaultLauncher.execute(DefaultLauncher.java:181) ~[junit-platform-launcher-1.3.1.jar:1.3.1]
	at org.junit.platform.launcher.core.DefaultLauncher.execute(DefaultLauncher.java:128) ~[junit-platform-launcher-1.3.1.jar:1.3.1]
	at org.apache.maven.surefire.junitplatform.JUnitPlatformProvider.invokeAllTests(JUnitPlatformProvider.java:150) ~[surefire-junit-platform-2.22.2.jar:2.22.2]
	at org.apache.maven.surefire.junitplatform.JUnitPlatformProvider.invoke(JUnitPlatformProvider.java:124) ~[surefire-junit-platform-2.22.2.jar:2.22.2]
	at org.apache.maven.surefire.booter.ForkedBooter.invokeProviderInSameClassLoader(ForkedBooter.java:384) ~[surefire-booter-2.22.2.jar:2.22.2]
	at org.apache.maven.surefire.booter.ForkedBooter.runSuitesInProcess(ForkedBooter.java:345) ~[surefire-booter-2.22.2.jar:2.22.2]
	at org.apache.maven.surefire.booter.ForkedBooter.execute(ForkedBooter.java:126) ~[surefire-booter-2.22.2.jar:2.22.2]
	at org.apache.maven.surefire.booter.ForkedBooter.main(ForkedBooter.java:418) ~[surefire-booter-2.22.2.jar:2.22.2]
Caused by: org.springframework.context.ApplicationContextException: Failed to start bean 'documentationPluginsBootstrapper'; nested exception is java.lang.NullPointerException
	at org.springframework.context.support.DefaultLifecycleProcessor.doStart(DefaultLifecycleProcessor.java:181) ~[spring-context-5.3.25.jar:5.3.25]
	at org.springframework.context.support.DefaultLifecycleProcessor.access$200(DefaultLifecycleProcessor.java:54) ~[spring-context-5.3.25.jar:5.3.25]
	at org.springframework.context.support.DefaultLifecycleProcessor$LifecycleGroup.start(DefaultLifecycleProcessor.java:356) ~[spring-context-5.3.25.jar:5.3.25]
	at java.lang.Iterable.forEach(Iterable.java:75) ~[na:1.8.0_341]
	at org.springframework.context.support.DefaultLifecycleProcessor.startBeans(DefaultLifecycleProcessor.java:155) ~[spring-context-5.3.25.jar:5.3.25]
	at org.springframework.context.support.DefaultLifecycleProcessor.onRefresh(DefaultLifecycleProcessor.java:123) ~[spring-context-5.3.25.jar:5.3.25]
	at org.springframework.context.support.AbstractApplicationContext.finishRefresh(AbstractApplicationContext.java:935) ~[spring-context-5.3.25.jar:5.3.25]
	at org.springframework.context.support.AbstractApplicationContext.refresh(AbstractApplicationContext.java:586) ~[spring-context-5.3.25.jar:5.3.25]
	at org.springframework.boot.SpringApplication.refresh(SpringApplication.java:731) ~[spring-boot-2.7.8.jar:2.7.8]
	at org.springframework.boot.SpringApplication.refreshContext(SpringApplication.java:408) ~[spring-boot-2.7.8.jar:2.7.8]
	at org.springframework.boot.SpringApplication.run(SpringApplication.java:307) ~[spring-boot-2.7.8.jar:2.7.8]
	at org.springframework.boot.test.context.SpringBootContextLoader.loadContext(SpringBootContextLoader.java:136) ~[spring-boot-test-2.7.8.jar:2.7.8]
	at org.springframework.test.context.cache.DefaultCacheAwareContextLoaderDelegate.loadContextInternal(DefaultCacheAwareContextLoaderDelegate.java:141) ~[spring-test-5.3.25.jar:5.3.25]
	at org.springframework.test.context.cache.DefaultCacheAwareContextLoaderDelegate.loadContext(DefaultCacheAwareContextLoaderDelegate.java:90) ~[spring-test-5.3.25.jar:5.3.25]
	... 67 common frames omitted
Caused by: java.lang.NullPointerException: null
	at springfox.documentation.spring.web.WebMvcPatternsRequestConditionWrapper.getPatterns(WebMvcPatternsRequestConditionWrapper.java:56) ~[springfox-spring-webmvc-3.0.0.jar:3.0.0]
	at springfox.documentation.RequestHandler.sortedPaths(RequestHandler.java:113) ~[springfox-core-3.0.0.jar:3.0.0]
	at springfox.documentation.spi.service.contexts.Orderings.lambda$byPatternsCondition$3(Orderings.java:89) ~[springfox-spi-3.0.0.jar:3.0.0]
	at java.util.Comparator.lambda$comparing$77a9974f$1(Comparator.java:469) ~[na:1.8.0_341]
	at java.util.TimSort.countRunAndMakeAscending(TimSort.java:355) ~[na:1.8.0_341]
	at java.util.TimSort.sort(TimSort.java:220) ~[na:1.8.0_341]
	at java.util.Arrays.sort(Arrays.java:1512) ~[na:1.8.0_341]
	at java.util.ArrayList.sort(ArrayList.java:1464) ~[na:1.8.0_341]
	at java.util.stream.SortedOps$RefSortingSink.end(SortedOps.java:387) ~[na:1.8.0_341]
	at java.util.stream.Sink$ChainedReference.end(Sink.java:258) ~[na:1.8.0_341]
	at java.util.stream.Sink$ChainedReference.end(Sink.java:258) ~[na:1.8.0_341]
	at java.util.stream.Sink$ChainedReference.end(Sink.java:258) ~[na:1.8.0_341]
	at java.util.stream.Sink$ChainedReference.end(Sink.java:258) ~[na:1.8.0_341]
	at java.util.stream.AbstractPipeline.copyInto(AbstractPipeline.java:483) ~[na:1.8.0_341]
	at java.util.stream.AbstractPipeline.wrapAndCopyInto(AbstractPipeline.java:472) ~[na:1.8.0_341]
	at java.util.stream.ReduceOps$ReduceOp.evaluateSequential(ReduceOps.java:708) ~[na:1.8.0_341]
	at java.util.stream.AbstractPipeline.evaluate(AbstractPipeline.java:234) ~[na:1.8.0_341]
	at java.util.stream.ReferencePipeline.collect(ReferencePipeline.java:499) ~[na:1.8.0_341]
	at springfox.documentation.spring.web.plugins.WebMvcRequestHandlerProvider.requestHandlers(WebMvcRequestHandlerProvider.java:81) ~[springfox-spring-webmvc-3.0.0.jar:3.0.0]
	at java.util.stream.ReferencePipeline$3$1.accept(ReferencePipeline.java:193) ~[na:1.8.0_341]
	at java.util.ArrayList$ArrayListSpliterator.forEachRemaining(ArrayList.java:1384) ~[na:1.8.0_341]
	at java.util.stream.AbstractPipeline.copyInto(AbstractPipeline.java:482) ~[na:1.8.0_341]
	at java.util.stream.AbstractPipeline.wrapAndCopyInto(AbstractPipeline.java:472) ~[na:1.8.0_341]
	at java.util.stream.ReduceOps$ReduceOp.evaluateSequential(ReduceOps.java:708) ~[na:1.8.0_341]
	at java.util.stream.AbstractPipeline.evaluate(AbstractPipeline.java:234) ~[na:1.8.0_341]
	at java.util.stream.ReferencePipeline.collect(ReferencePipeline.java:499) ~[na:1.8.0_341]
	at springfox.documentation.spring.web.plugins.AbstractDocumentationPluginsBootstrapper.withDefaults(AbstractDocumentationPluginsBootstrapper.java:107) ~[springfox-spring-web-3.0.0.jar:3.0.0]
	at springfox.documentation.spring.web.plugins.AbstractDocumentationPluginsBootstrapper.buildContext(AbstractDocumentationPluginsBootstrapper.java:91) ~[springfox-spring-web-3.0.0.jar:3.0.0]
	at springfox.documentation.spring.web.plugins.AbstractDocumentationPluginsBootstrapper.bootstrapDocumentationPlugins(AbstractDocumentationPluginsBootstrapper.java:82) ~[springfox-spring-web-3.0.0.jar:3.0.0]
	at springfox.documentation.spring.web.plugins.DocumentationPluginsBootstrapper.start(DocumentationPluginsBootstrapper.java:100) ~[springfox-spring-web-3.0.0.jar:3.0.0]
	at org.springframework.context.support.DefaultLifecycleProcessor.doStart(DefaultLifecycleProcessor.java:178) ~[spring-context-5.3.25.jar:5.3.25]
	... 80 common frames omitted

]]></system-out>
  </testcase>
</testsuite>